// 同步 ID: 916c3ff7 @ Mon Jul 13 17:20:39 UTC 2026
// 同步 ID: 762b3d0b @ Tue Jul 14 07:35:11 UTC 2026
// 重构日志: bc370b29
// 同步 ID: c927ecbd @ Tue Jul 14 13:19:51 UTC 2026
// 重构日志: 63a1b127
// 重构日志: 369bf04d
// 重构日志: 30b62878
// 重构日志: f2a4adec
// 重构日志: 96aa35a0
// 重构日志: 0b3631af
// 重构日志: b22b5e89
// 重构日志: 10506853
// 同步 ID: 96650952 @ Sat Jul 18 12:30:06 UTC 2026
// 重构日志: da2b6e99
// 同步 ID: f32c8c6b @ Sat Jul 18 18:31:29 UTC 2026
// 同步 ID: 02953ba0 @ Sun Jul 19 07:38:33 UTC 2026
// 重构日志: 39dec021
// 重构日志: b957555f
// 同步 ID: 763d9d47 @ Sun Jul 19 17:55:34 UTC 2026
// 重构日志: 203ed98e
// 重构日志: 2f3bddcb
// 重构日志: 4683f552
// 同步 ID: 23fcae4c @ Tue Jul 21 07:55:36 UTC 2026
// 同步 ID: 677e98d6 @ Tue Jul 21 13:08:22 UTC 2026
// 重构日志: 9d90bf65
// 重构日志: 950e7c8b
// 重构日志: 2cd61da4
// 重构日志: 8257f02b
// 重构日志: 9f7cce75
// 同步 ID: f170cc7f @ Fri Jul 24 13:07:50 UTC 2026
